<?xml version="1.0" encoding="UTF-8"?>
<!-- Generated by org.testng.reporters.JUnitReportReporter -->
<testsuite skipped="0" hostname="LAPTOP-FR81P7PN" name="com.automation.practice.AutomationPractice" tests="1" failures="0" timestamp="2020-08-30T09:52:00 IST" time="2.618" errors="0">
  <testcase name="test" time="2.618" classname="com.automation.practice.AutomationPractice"/>
</testsuite> <!-- com.automation.practice.AutomationPractice -->
